######################################LOGS#######################################
43.243.99.58
dma_code :  0
area_code :  0
metro_code :  None
postal_code :  None
country_code :  NP
country_code3 :  NPL
country_name :  Nepal
continent :  AS
region_code :  None
city :  None
latitude :  28.0
longitude :  84.0
time_zone :  Asia/Katmandu

163.47.148.170
dma_code :  0
area_code :  0
metro_code :  None
postal_code :  None
country_code :  NP
country_code3 :  NPL
country_name :  Nepal
continent :  AS
region_code :  00
city :  Kathmandu
latitude :  27.716700000000003
longitude :  85.31670000000003
time_zone :  Asia/Katmandu
